#
# A fatal error has been detected by the Java Runtime Environment:
#
#  EXCEPTION_ACCESS_VIOLATION (0xc0000005) at pc=0x00007ffead8d63b7, pid=10492, tid=11720
#
# JRE version: OpenJDK Runtime Environment (18.0.2.1+1) (build 18.0.2.1+1-1)
# Java VM: OpenJDK 64-Bit Server VM (18.0.2.1+1-1, mixed mode, sharing, tiered, compressed oops, compressed class ptrs, g1 gc, windows-amd64)
# Problematic frame:
# C  [glass.dll+0x263b7]
#
# No core dump will be written. Minidumps are not enabled by default on client versions of Windows
#
# If you would like to submit a bug report, please visit:
#   https://bugreport.java.com/bugreport/crash.jsp
#

---------------  S U M M A R Y ------------

Command Line: --module-path=C:\Users\ACER\Documents\JAVAliberes\javafx-sdk-19\lib --add-modules=javafx.controls,javafx.fxml -javaagent:C:\Program Files\JetBrains\IntelliJ IDEA 2021.3\lib\idea_rt.jar=54203:C:\Program Files\JetBrains\IntelliJ IDEA 2021.3\bin -Dfile.encoding=windows-1251 com.company.Main

Host: Intel(R) Pentium(R) CPU B960 @ 2.20GHz, 2 cores, 15G,  Windows 10 , 64 bit Build 19041 (10.0.19041.2251)
Time: Tue Nov 15 08:04:50 2022 RTZ 2 (s 10 , 64 bit Build 19041 (10.0.19041.2251) elapsed time: 225.256562 seconds (0d 0h 3m 45s)

---------------  T H R E A D  ---------------

Current thread (0x000002047e020c50):  VMThread "VM Thread" [stack: 0x00000061f6300000,0x00000061f6400000] [id=11720]

Stack: [0x00000061f6300000,0x00000061f6400000],  sp=0x00000061f63fece0,  free space=1019k
Native frames: (J=compiled Java code, j=interpreted, Vv=VM code, C=native code)
C  [glass.dll+0x263b7]


siginfo: EXCEPTION_ACCESS_VIOLATION (0xc0000005), reading address 0x0000000000000000


Register to memory mapping:

RIP=0x00007ffead8d63b7 glass.dll
RAX=0x0 is NULL
RBX=0x000002047e02a1d0 is a global jni handle
RCX=0x000002047e020c50 points into unknown readable memory: 0x00007ffe74bbea28 | 28 ea bb 74 fe 7f 00 00
RDX=0x00000061f63fece0 points into unknown readable memory: 0x0000000000000000 | 00 00 00 00 00 00 00 00
RSP=0x00000061f63fece0 points into unknown readable memory: 0x0000000000000000 | 00 00 00 00 00 00 00 00
RBP=0x000002047e235a18 points into unknown readable memory: 0x0000392b4da4ee7e | 7e ee a4 4d 2b 39 00 00
RSI=0x000002047e2359f0 points into unknown readable memory: 0x000026d4e6c7a07c | 7c a0 c7 e6 d4 26 00 00
RDI=0x0000392b4da4ee7e is an unknown value
R8 =0x0000000000010002 is an unknown value
R9 =0x0000392b4da4ee7e is an unknown value
R10=0x0000000000008000 is an unknown value
R11=0x00000061f63fec70 points into unknown readable memory: 0x000002047e2359f0 | f0 59 23 7e 04 02 00 00
R12=0x00007ffead8d3cf0 glass.dll
R13=0x00007ffe74d80c00 jvm.dll
R14=0x00000061f63fedd8 points into unknown readable memory: 0x00000061f63fedc0 | c0 ed 3f f6 61 00 00 00
R15=0x000002047e2359f0 points into unknown readable memory: 0x000026d4e6c7a07c | 7c a0 c7 e6 d4 26 00 00


Registers:
RAX=0x0000000000000000, RBX=0x000002047e02a1d0, RCX=0x000002047e020c50, RDX=0x00000061f63fece0
RSP=0x00000061f63fece0, RBP=0x000002047e235a18, RSI=0x000002047e2359f0, RDI=0x0000392b4da4ee7e
R8 =0x0000000000010002, R9 =0x0000392b4da4ee7e, R10=0x0000000000008000, R11=0x00000061f63fec70
R12=0x00007ffead8d3cf0, R13=0x00007ffe74d80c00, R14=0x00000061f63fedd8, R15=0x000002047e2359f0
RIP=0x00007ffead8d63b7, EFLAGS=0x0000000000010206

Top of Stack: (sp=0x00000061f63fece0)
0x00000061f63fece0:   0000000000000000 000002047e2359f0
0x00000061f63fecf0:   00007ffe74d80c00 00007ffead8d3cf0
0x00000061f63fed00:   000002047e2359f8 00007ffebd3342d6
0x00000061f63fed10:   0000392b4da4ee7e 0000020400000000
0x00000061f63fed20:   000002047e235a18 000002047e2359f0
0x00000061f63fed30:   fffffffffffffffe 0000000000000000
0x00000061f63fed40:   0000000000000001 00007ffead8b0000
0x00000061f63fed50:   00000061f63fedc8 00007ffebd3341fb
0x00000061f63fed60:   0000000000000000 00000061f63fedd8
0x00000061f63fed70:   00000061f63ff0a0 00007ffebd410e40
0x00000061f63fed80:   0000000000000001 00007ffebd3341b4
0x00000061f63fed90:   0000000000000000 0000000000000001
0x00000061f63feda0:   00007ffebcb08690 00000061f63fedc8
0x00000061f63fedb0:   0000000000000000 00007ffead8d3b7d
0x00000061f63fedc0:   00007ffead8e9f88 00007ffe00000002
0x00000061f63fedd0:   0000000000000002 00000061f63fedc0 

Instructions: (pc=0x00007ffead8d63b7)
0x00007ffead8d62b7:   8b 4d 58 e8 7d cf ff ff 48 8b 4d 60 e8 74 cf ff
0x00007ffead8d62c7:   ff 48 8b 95 80 00 00 00 48 8b 8d 18 01 00 00 e8
0x00007ffead8d62d7:   66 c4 ff ff 33 d2 33 c9 e8 bc e1 ff ff 90 48 89
0x00007ffead8d62e7:   54 24 10 55 48 83 ec 20 48 8b ea 48 b8 00 00 00
0x00007ffead8d62f7:   00 00 00 00 00 48 83 c4 20 5d c3 cc 40 55 48 8b
0x00007ffead8d6307:   ea 48 8b 01 33 c9 81 38 05 00 00 c0 0f 94 c1 8b
0x00007ffead8d6317:   c1 5d c3 cc 40 55 48 83 ec 20 48 8b ea 8a 4d 40
0x00007ffead8d6327:   48 83 c4 20 5d e9 63 d3 ff ff cc 40 55 48 83 ec
0x00007ffead8d6337:   20 48 8b ea 8a 4d 20 e8 51 d3 ff ff 90 48 83 c4
0x00007ffead8d6347:   20 5d c3 cc 40 55 48 83 ec 20 48 8b ea 48 83 c4
0x00007ffead8d6357:   20 5d e9 b2 d1 ff ff cc 40 55 48 83 ec 30 48 8b
0x00007ffead8d6367:   ea 48 8b 01 8b 10 48 89 4c 24 28 89 54 24 20 4c
0x00007ffead8d6377:   8d 0d 53 d6 ff ff 4c 8b 45 70 8b 55 68 48 8b 4d
0x00007ffead8d6387:   60 e8 f3 d0 ff ff 90 48 83 c4 30 5d c3 cc cc cc
0x00007ffead8d6397:   cc cc cc cc cc cc cc cc cc 40 53 48 83 ec 20 48
0x00007ffead8d63a7:   8b 1d db 35 01 00 48 85 db 74 16 e8 79 8b ff ff
0x00007ffead8d63b7:   4c 8b 00 48 8b d3 48 8b c8 41 ff 90 b0 00 00 00
0x00007ffead8d63c7:   90 48 83 c4 20 5b c3 cc cc 40 53 48 83 ec 20 48
0x00007ffead8d63d7:   8b 1d 4b 37 01 00 48 85 db 74 57 b8 ff ff ff ff
0x00007ffead8d63e7:   f0 0f c1 43 10 83 f8 01 75 3d 48 85 db 74 38 48
0x00007ffead8d63f7:   8b 0b 48 85 c9 74 0d ff 15 a4 0e 00 00 48 c7 03
0x00007ffead8d6407:   00 00 00 00 48 8b 4b 08 48 85 c9 74 0d e8 23 ce
0x00007ffead8d6417:   ff ff 48 c7 43 08 00 00 00 00 ba 18 00 00 00 48
0x00007ffead8d6427:   8b cb e8 0e ce ff ff 48 c7 05 ef 36 01 00 00 00
0x00007ffead8d6437:   00 00 48 83 c4 20 5b c3 cc 40 53 48 83 ec 20 48
0x00007ffead8d6447:   8b 1d bb 36 01 00 48 85 db 74 57 b8 ff ff ff ff
0x00007ffead8d6457:   f0 0f c1 43 10 83 f8 01 75 3d 48 85 db 74 38 48
0x00007ffead8d6467:   8b 0b 48 85 c9 74 0d ff 15 34 0e 00 00 48 c7 03
0x00007ffead8d6477:   00 00 00 00 48 8b 4b 08 48 85 c9 74 0d e8 b3 cd
0x00007ffead8d6487:   ff ff 48 c7 43 08 00 00 00 00 ba 18 00 00 00 48
0x00007ffead8d6497:   8b cb e8 9e cd ff ff 48 c7 05 5f 36 01 00 00 00
0x00007ffead8d64a7:   00 00 48 83 c4 20 5b c3 cc 40 53 48 83 ec 20 48 


Stack slot to memory mapping:
stack at sp + 0 slots: 0x0 is NULL
stack at sp + 1 slots: 0x000002047e2359f0 points into unknown readable memory: 0x000026d4e6c7a07c | 7c a0 c7 e6 d4 26 00 00
stack at sp + 2 slots: 0x00007ffe74d80c00 jvm.dll
stack at sp + 3 slots: 0x00007ffead8d3cf0 glass.dll
stack at sp + 4 slots: 0x000002047e2359f8 points into unknown readable memory: 0x0000392b4da4ee7e | 7e ee a4 4d 2b 39 00 00
stack at sp + 5 slots: 0x00007ffebd3342d6 ucrtbase.dll
stack at sp + 6 slots: 0x0000392b4da4ee7e is an unknown value
stack at sp + 7 slots: 0x0000020400000000 is pointing into metadata

VM_Operation (0x00000061f78ff490): Exit, mode: safepoint, requested by thread 0x000002047ee623f0


---------------  P R O C E S S  ---------------

Threads class SMR info:
_java_thread_list=0x000002047e276690, length=21, elements={
0x000002045bf419d0, 0x000002047e0243f0, 0x000002047e025050, 0x000002047e0431a0,
0x000002047e043b40, 0x000002047e0444e0, 0x000002047e0451b0, 0x000002047e0b1ed0,
0x000002047e0b6c80, 0x000002047e0eeae0, 0x000002047e99fd80, 0x000002047e9a0240,
0x000002047e9c2c80, 0x000002047ea136e0, 0x000002047ea13ba0, 0x000002047ec282b0,
0x000002047e5ff340, 0x000002047ee63260, 0x000002047ee645a0, 0x000002047ee623f0,
0x000002047ee628c0
}

Java Threads: ( => current thread )
  0x000002045bf419d0 JavaThread "main" [_thread_blocked, id=11584, stack(0x00000061f5d00000,0x00000061f5e00000)]
  0x000002047e0243f0 JavaThread "Reference Handler" daemon [_thread_blocked, id=8112, stack(0x00000061f6400000,0x00000061f6500000)]
  0x000002047e025050 JavaThread "Finalizer" daemon [_thread_blocked, id=1036, stack(0x00000061f6500000,0x00000061f6600000)]
  0x000002047e0431a0 JavaThread "Attach Listener" daemon [_thread_blocked, id=8520, stack(0x00000061f6700000,0x00000061f6800000)]
  0x000002047e043b40 JavaThread "Service Thread" daemon [_thread_blocked, id=1208, stack(0x00000061f6800000,0x00000061f6900000)]
  0x000002047e0444e0 JavaThread "Monitor Deflation Thread" daemon [_thread_blocked, id=1040, stack(0x00000061f6900000,0x00000061f6a00000)]
  0x000002047e0451b0 JavaThread "C2 CompilerThread0" daemon [_thread_blocked, id=14252, stack(0x00000061f6a00000,0x00000061f6b00000)]
  0x000002047e0b1ed0 JavaThread "C1 CompilerThread0" daemon [_thread_blocked, id=8420, stack(0x00000061f6b00000,0x00000061f6c00000)]
  0x000002047e0b6c80 JavaThread "Sweeper thread" daemon [_thread_blocked, id=13280, stack(0x00000061f6c00000,0x00000061f6d00000)]
  0x000002047e0eeae0 JavaThread "Common-Cleaner" daemon [_thread_blocked, id=360, stack(0x00000061f6d00000,0x00000061f6e00000)]
  0x000002047e99fd80 JavaThread "Monitor Ctrl-Break" daemon [_thread_in_native, id=8176, stack(0x00000061f6e00000,0x00000061f6f00000)]
  0x000002047e9a0240 JavaThread "Notification Thread" daemon [_thread_blocked, id=8808, stack(0x00000061f6f00000,0x00000061f7000000)]
  0x000002047e9c2c80 JavaThread "QuantumRenderer-0" daemon [_thread_blocked, id=11468, stack(0x00000061f7100000,0x00000061f7200000)]
  0x000002047ea136e0 JavaThread "InvokeLaterDispatcher" daemon [_thread_blocked, id=12504, stack(0x00000061f7300000,0x00000061f7400000)]
  0x000002047ea13ba0 JavaThread "JavaFX Application Thread" [_thread_in_native, id=8736, stack(0x00000061f7400000,0x00000061f7500000)]
  0x000002047ec282b0 JavaThread "JavaFX-Launcher" [_thread_blocked, id=4424, stack(0x00000061f7700000,0x00000061f7800000)]
  0x000002047e5ff340 JavaThread "Thread-2" daemon [_thread_in_native, id=3124, stack(0x00000061f7600000,0x00000061f7700000)]
  0x000002047ee63260 JavaThread "Prism Font Disposer" daemon [_thread_blocked, id=10884, stack(0x00000061f7b00000,0x00000061f7c00000)]
  0x000002047ee645a0 JavaThread "Cleaner-0" daemon [_thread_blocked, id=8228, stack(0x00000061f7c00000,0x00000061f7d00000)]
  0x000002047ee623f0 JavaThread "SIGINT handler" daemon [_thread_blocked, id=5192, stack(0x00000061f7800000,0x00000061f7900000)]
  0x000002047ee628c0 JavaThread "Glass/Prism Shutdown Hook" [_thread_blocked, id=7544, stack(0x00000061f7900000,0x00000061f7a00000)]

Other Threads:
=>0x000002047e020c50 VMThread "VM Thread" [stack: 0x00000061f6300000,0x00000061f6400000] [id=11720]
  0x000002045bfb1220 WorkerThread "GC Thread#0" [stack: 0x00000061f5e00000,0x00000061f5f00000] [id=2748]
  0x000002047ee106e0 WorkerThread "GC Thread#1" [stack: 0x00000061f7200000,0x00000061f7300000] [id=8208]
  0x000002045bfc3e80 ConcurrentGCThread "G1 Main Marker" terminated
  0x000002045bfc4870 WorkerThread "G1 Conc#0" [stack: 0x00000061f6000000,0x00000061f6100000] [id=6192]
  0x000002045bff85b0 ConcurrentGCThread "G1 Refine#0" terminated
  0x000002045bff8ec0 ConcurrentGCThread "G1 Service" terminated

Threads with active compile tasks:

VM state: at safepoint (shutting down)

VM Mutex/Monitor currently owned by a thread:  ([mutex/lock_event])
[0x000002045bf3e700] Threads_lock - owner thread: 0x000002047e020c50
[0x000002045bf3e1f0] Heap_lock - owner thread: 0x000002047ee623f0

Heap address: 0x0000000702e00000, size: 4050 MB, Compressed Oops mode: Zero based, Oop shift amount: 3

CDS archive(s) mapped at: [0x0000000800000000-0x0000000800ba0000-0x0000000800ba0000), size 12189696, SharedBaseAddress: 0x0000000800000000, ArchiveRelocationMode: 0.
Compressed class space mapped at: 0x0000000800c00000-0x0000000840c00000, reserved size: 1073741824
Narrow klass base: 0x0000000800000000, Narrow klass shift: 0, Narrow klass range: 0x100000000

GC Precious Log:
 CardTable entry size: 512
 Card Set container configuration: InlinePtr #cards 4 size 8 Array Of Cards #cards 16 size 48 Howl #buckets 8 coarsen threshold 3686 Howl Bitmap #cards 512 size 80 coarsen threshold 460 Card regions per heap region 1 cards per card region 4096
 CPUs: 2 total, 2 available
 Memory: 16197M
 Large Page Support: Disabled
 NUMA Support: Disabled
 Compressed Oops: Enabled (Zero based)
 Heap Region Size: 2M
 Heap Min Capacity: 8M
 Heap Initial Capacity: 254M
 Heap Max Capacity: 4050M
 Pre-touch: Disabled
 Parallel Workers: 2
 Concurrent Workers: 1
 Concurrent Refinement Workers: 2
 Periodic GC: Disabled

Heap:
 garbage-first heap   total 55296K, used 22278K [0x0000000702e00000, 0x0000000800000000)
  region size 2048K, 7 young (14336K), 2 survivors (4096K)
 Metaspace       used 23044K, committed 23488K, reserved 1114112K
  class space    used 3034K, committed 3264K, reserved 1048576K

Heap Regions: E=young(eden), S=young(survivor), O=old, HS=humongous(starts), HC=humongous(continues), CS=collection set, F=free, OA=open archive, CA=closed archive, TAMS=top-at-mark-start (previous, next)
|   0|0x0000000702e00000, 0x0000000703000000, 0x0000000703000000|100%| O|  |TAMS 0x0000000703000000, 0x0000000702e00000| Untracked 
|   1|0x0000000703000000, 0x0000000703200000, 0x0000000703200000|100%|HS|  |TAMS 0x0000000703200000, 0x0000000703000000| Complete 
|   2|0x0000000703200000, 0x0000000703400000, 0x0000000703400000|100%|HS|  |TAMS 0x0000000703400000, 0x0000000703200000| Complete 
|   3|0x0000000703400000, 0x0000000703600000, 0x0000000703600000|100%| O|  |TAMS 0x0000000703600000, 0x0000000703400000| Untracked 
|   4|0x0000000703600000, 0x00000007037e4200, 0x0000000703800000| 94%| O|  |TAMS 0x00000007037e4200, 0x0000000703600000| Untracked 
|   5|0x0000000703800000, 0x0000000703800000, 0x0000000703a00000|  0%| F|  |TAMS 0x0000000703800000, 0x0000000703800000| Untracked 
|   6|0x0000000703a00000, 0x0000000703a00000, 0x0000000703c00000|  0%| F|  |TAMS 0x0000000703a00000, 0x0000000703a00000| Untracked 
|   7|0x0000000703c00000, 0x0000000703c00000, 0x0000000703e00000|  0%| F|  |TAMS 0x0000000703c00000, 0x0000000703c00000| Untracked 
|   8|0x0000000703e00000, 0x0000000703e00000, 0x0000000704000000|  0%| F|  |TAMS 0x0000000703e00000, 0x0000000703e00000| Untracked 
|   9|0x0000000704000000, 0x0000000704000000, 0x0000000704200000|  0%| F|  |TAMS 0x0000000704000000, 0x0000000704000000| Untracked 
|  10|0x0000000704200000, 0x0000000704200000, 0x0000000704400000|  0%| F|  |TAMS 0x0000000704200000, 0x0000000704200000| Untracked 
|  11|0x0000000704400000, 0x0000000704400000, 0x0000000704600000|  0%| F|  |TAMS 0x0000000704400000, 0x0000000704400000| Untracked 
|  12|0x0000000704600000, 0x0000000704600000, 0x0000000704800000|  0%| F|  |TAMS 0x0000000704600000, 0x0000000704600000| Untracked 
|  13|0x0000000704800000, 0x0000000704800000, 0x0000000704a00000|  0%| F|  |TAMS 0x0000000704800000, 0x0000000704800000| Untracked 
|  14|0x0000000704a00000, 0x0000000704a00000, 0x0000000704c00000|  0%| F|  |TAMS 0x0000000704a00000, 0x0000000704a00000| Untracked 
|  15|0x0000000704c00000, 0x0000000704c00000, 0x0000000704e00000|  0%| F|  |TAMS 0x0000000704c00000, 0x0000000704c00000| Untracked 
|  16|0x0000000704e00000, 0x0000000704e00000, 0x0000000705000000|  0%| F|  |TAMS 0x0000000704e00000, 0x0000000704e00000| Untracked 
|  17|0x0000000705000000, 0x0000000705000000, 0x0000000705200000|  0%| F|  |TAMS 0x0000000705000000, 0x0000000705000000| Untracked 
|  18|0x0000000705200000, 0x0000000705200000, 0x0000000705400000|  0%| F|  |TAMS 0x0000000705200000, 0x0000000705200000| Untracked 
|  19|0x0000000705400000, 0x0000000705400000, 0x0000000705600000|  0%| F|  |TAMS 0x0000000705400000, 0x0000000705400000| Untracked 
|  20|0x0000000705600000, 0x00000007056568a0, 0x0000000705800000| 16%| E|  |TAMS 0x0000000705600000, 0x0000000705600000| Complete 
|  21|0x0000000705800000, 0x0000000705a00000, 0x0000000705a00000|100%| E|CS|TAMS 0x0000000705800000, 0x0000000705800000| Complete 
|  22|0x0000000705a00000, 0x0000000705c00000, 0x0000000705c00000|100%| E|CS|TAMS 0x0000000705a00000, 0x0000000705a00000| Complete 
|  23|0x0000000705c00000, 0x0000000705e00000, 0x0000000705e00000|100%| E|CS|TAMS 0x0000000705c00000, 0x0000000705c00000| Complete 
| 121|0x0000000712000000, 0x00000007121dd600, 0x0000000712200000| 93%| S|CS|TAMS 0x0000000712000000, 0x0000000712000000| Complete 
| 122|0x0000000712200000, 0x0000000712400000, 0x0000000712400000|100%| S|CS|TAMS 0x0000000712200000, 0x0000000712200000| Complete 
| 126|0x0000000712a00000, 0x0000000712c00000, 0x0000000712c00000|100%| E|CS|TAMS 0x0000000712a00000, 0x0000000712a00000| Complete 

Card table byte_map: [0x0000020473070000,0x0000020473860000] _byte_map_base: 0x000002046f859000

Marking Bits (Prev, Next): (CMBitMap*) 0x000002045bfb2870, (CMBitMap*) 0x000002045bfb2830
 Prev Bits: [0x0000020477fa0000, 0x000002047bee8000)
 Next Bits: [0x0000020474050000, 0x0000020477f98000)

Polling page: 0x0000020459d90000

Metaspace:

Usage:
  Non-class:     19.54 MB used.
      Class:      2.96 MB used.
       Both:     22.50 MB used.

Virtual space:
  Non-class space:       64.00 MB reserved,      19.75 MB ( 31%) committed,  1 nodes.
      Class space:        1.00 GB reserved,       3.19 MB ( <1%) committed,  1 nodes.
             Both:        1.06 GB reserved,      22.94 MB (  2%) committed. 

Chunk freelists:
   Non-Class:  176.00 KB
       Class:  702.00 KB
        Both:  878.00 KB

MaxMetaspaceSize: unlimited
CompressedClassSpaceSize: 1.00 GB
Initial GC threshold: 21.00 MB
Current GC threshold: 35.25 MB
CDS: on
MetaspaceReclaimPolicy: balanced
 - commit_granule_bytes: 65536.
 - commit_granule_words: 8192.
 - virtual_space_node_default_size: 8388608.
 - enlarge_chunks_in_place: 1.
 - new_chunks_are_fully_committed: 0.
 - uncommit_free_chunks: 1.
 - use_allocation_guard: 0.


Internal statistics:

num_allocs_failed_limit: 5.
num_arena_births: 382.
num_arena_deaths: 0.
num_vsnodes_births: 2.
num_vsnodes_deaths: 0.
num_space_committed: 367.
num_space_uncommitted: 0.
num_chunks_returned_to_freelist: 5.
num_chunks_taken_from_freelist: 1031.
num_chunk_merges: 5.
num_chunk_splits: 691.
num_chunks_enlarged: 505.
num_inconsistent_stats: 0.

CodeHeap 'non-profiled nmethods': size=120064Kb used=1611Kb max_used=1611Kb free=118452Kb
 bounds [0x000002046b340000, 0x000002046b5b0000, 0x0000020472880000]
CodeHeap 'profiled nmethods': size=120000Kb used=8059Kb max_used=8059Kb free=111940Kb
 bounds [0x0000020463e10000, 0x00000204645f0000, 0x000002046b340000]
CodeHeap 'non-nmethods': size=5696Kb used=1502Kb max_used=1524Kb free=4193Kb
 bounds [0x0000020463880000, 0x0000020463af0000, 0x0000020463e10000]
 total_blobs=4929 nmethods=4062 adapters=780
 compilation: enabled
              stopped_count=0, restarted_count=0
 full_count=0

Compilation events (20 events):
Event: 215.345 Thread 0x000002047e0b1ed0 4061       3       javafx.scene.layout.Region::doPickNodeLocal (30 bytes)
Event: 215.346 Thread 0x000002047e0b1ed0 nmethod 4061 0x00000204645ea110 code [0x00000204645ea320, 0x00000204645eaa08]
Event: 215.346 Thread 0x000002047e0b1ed0 4062       3       com.sun.javafx.collections.VetoableListDecorator$VetoableIteratorDecorator::next (31 bytes)
Event: 215.347 Thread 0x000002047e0b1ed0 nmethod 4062 0x00000204645ead90 code [0x00000204645eaf60, 0x00000204645eb398]
Event: 215.690 Thread 0x000002047e0451b0 4063       4       com.sun.javafx.collections.VetoableListDecorator::size (10 bytes)
Event: 215.691 Thread 0x000002047e0451b0 nmethod 4063 0x000002046b4d2790 code [0x000002046b4d2920, 0x000002046b4d29f8]
Event: 215.802 Thread 0x000002047e0b1ed0 4064       3       com.sun.javafx.collections.VetoableListDecorator::iterator (27 bytes)
Event: 215.802 Thread 0x000002047e0b1ed0 nmethod 4064 0x00000204645eb590 code [0x00000204645eb760, 0x00000204645ebb78]
Event: 215.802 Thread 0x000002047e0b1ed0 4065       3       com.sun.javafx.collections.VetoableListDecorator$ModCountAccessorImpl::<init> (10 bytes)
Event: 215.802 Thread 0x000002047e0b1ed0 nmethod 4065 0x00000204645ebd10 code [0x00000204645ebea0, 0x00000204645ec078]
Event: 216.362 Thread 0x000002047e0b1ed0 4066       3       javafx.scene.Parent::computeViewOrderChildren (93 bytes)
Event: 216.362 Thread 0x000002047e0b1ed0 nmethod 4066 0x00000204645ec190 code [0x00000204645ec3e0, 0x00000204645ecfb8]
Event: 216.474 Thread 0x000002047e0451b0 4067       4       com.sun.javafx.event.CompositeEventDispatcher::dispatchCapturingEvent (35 bytes)
Event: 216.476 Thread 0x000002047e0451b0 nmethod 4067 0x000002046b4d2b10 code [0x000002046b4d2ca0, 0x000002046b4d2db8]
Event: 216.626 Thread 0x000002047e0b1ed0 4068       3       com.sun.javafx.css.PseudoClassState::remove (6 bytes)
Event: 216.626 Thread 0x000002047e0b1ed0 nmethod 4068 0x00000204645ed310 code [0x00000204645ed4a0, 0x00000204645ed5e8]
Event: 216.626 Thread 0x000002047e0b1ed0 4069       3       com.sun.javafx.css.BitSet::remove (171 bytes)
Event: 216.627 Thread 0x000002047e0b1ed0 nmethod 4069 0x00000204645ed690 code [0x00000204645ed8a0, 0x00000204645ee198]
Event: 224.620 Thread 0x000002047e0b1ed0 4070       3       java.util.LinkedList$ListItr::next (56 bytes)
Event: 224.621 Thread 0x000002047e0b1ed0 nmethod 4070 0x00000204645ee410 code [0x00000204645ee600, 0x00000204645eeb58]

GC Heap History (10 events):
Event: 1.317 GC heap before
{Heap before GC invocations=0 (full 0):
 garbage-first heap   total 260096K, used 10240K [0x0000000702e00000, 0x0000000800000000)
  region size 2048K, 6 young (12288K), 0 survivors (0K)
 Metaspace       used 2463K, committed 2624K, reserved 1114112K
  class space    used 256K, committed 320K, reserved 1048576K
}
Event: 1.335 GC heap after
{Heap after GC invocations=1 (full 0):
 garbage-first heap   total 260096K, used 1952K [0x0000000702e00000, 0x0000000800000000)
  region size 2048K, 1 young (2048K), 1 survivors (2048K)
 Metaspace       used 2463K, committed 2624K, reserved 1114112K
  class space    used 256K, committed 320K, reserved 1048576K
}
Event: 5.246 GC heap before
{Heap before GC invocations=1 (full 0):
 garbage-first heap   total 260096K, used 10144K [0x0000000702e00000, 0x0000000800000000)
  region size 2048K, 6 young (12288K), 1 survivors (2048K)
 Metaspace       used 6255K, committed 6464K, reserved 1114112K
  class space    used 744K, committed 832K, reserved 1048576K
}
Event: 5.253 GC heap after
{Heap after GC invocations=2 (full 0):
 garbage-first heap   total 260096K, used 3655K [0x0000000702e00000, 0x0000000800000000)
  region size 2048K, 1 young (2048K), 1 survivors (2048K)
 Metaspace       used 6255K, committed 6464K, reserved 1114112K
  class space    used 744K, committed 832K, reserved 1048576K
}
Event: 13.129 GC heap before
{Heap before GC invocations=2 (full 0):
 garbage-first heap   total 260096K, used 20039K [0x0000000702e00000, 0x0000000800000000)
  region size 2048K, 9 young (18432K), 1 survivors (2048K)
 Metaspace       used 10815K, committed 11136K, reserved 1114112K
  class space    used 1463K, committed 1600K, reserved 1048576K
}
Event: 13.139 GC heap after
{Heap after GC invocations=3 (full 0):
 garbage-first heap   total 260096K, used 6112K [0x0000000702e00000, 0x0000000800000000)
  region size 2048K, 2 young (4096K), 2 survivors (4096K)
 Metaspace       used 10815K, committed 11136K, reserved 1114112K
  class space    used 1463K, committed 1600K, reserved 1048576K
}
Event: 40.499 GC heap before
{Heap before GC invocations=3 (full 0):
 garbage-first heap   total 260096K, used 32736K [0x0000000702e00000, 0x0000000800000000)
  region size 2048K, 13 young (26624K), 2 survivors (4096K)
 Metaspace       used 16996K, committed 17344K, reserved 1114112K
  class space    used 2391K, committed 2560K, reserved 1048576K
}
Event: 40.514 GC heap after
{Heap after GC invocations=4 (full 0):
 garbage-first heap   total 260096K, used 13087K [0x0000000702e00000, 0x0000000800000000)
  region size 2048K, 2 young (4096K), 2 survivors (4096K)
 Metaspace       used 16996K, committed 17344K, reserved 1114112K
  class space    used 2391K, committed 2560K, reserved 1048576K
}
Event: 172.767 GC heap before
{Heap before GC invocations=4 (full 0):
 garbage-first heap   total 260096K, used 19231K [0x0000000702e00000, 0x0000000800000000)
  region size 2048K, 6 young (12288K), 2 survivors (4096K)
 Metaspace       used 21176K, committed 21504K, reserved 1114112K
  class space    used 2863K, committed 3072K, reserved 1048576K
}
Event: 172.776 GC heap after
{Heap after GC invocations=5 (full 0):
 garbage-first heap   total 260096K, used 14086K [0x0000000702e00000, 0x0000000800000000)
  region size 2048K, 2 young (4096K), 2 survivors (4096K)
 Metaspace       used 21176K, committed 21504K, reserved 1114112K
  class space    used 2863K, committed 3072K, reserved 1048576K
}

Deoptimization events (20 events):
Event: 195.269 Thread 0x000002047ea13ba0 Uncommon trap: trap_request=0xffffff45 fr.pc=0x000002046b41d8bc relative=0x000000000000011c
Event: 195.269 Thread 0x000002047ea13ba0 Uncommon trap: reason=unstable_if action=reinterpret pc=0x000002046b41d8bc method=com.sun.javafx.text.TextRun.getPosX(I)F @ 75 c2
Event: 195.269 Thread 0x000002047ea13ba0 DEOPT PACKING pc=0x000002046b41d8bc sp=0x00000061f74fa580
Event: 195.269 Thread 0x000002047ea13ba0 DEOPT UNPACKING pc=0x00000204638d239d sp=0x00000061f74fa518 mode 2
Event: 198.197 Thread 0x000002047e9c2c80 Uncommon trap: trap_request=0xffffff45 fr.pc=0x000002046b4af910 relative=0x0000000000000210
Event: 198.197 Thread 0x000002047e9c2c80 Uncommon trap: reason=unstable_if action=reinterpret pc=0x000002046b4af910 method=com.sun.javafx.sg.prism.NGGroup.renderContent(Lcom/sun/prism/Graphics;)V @ 28 c2
Event: 198.197 Thread 0x000002047e9c2c80 DEOPT PACKING pc=0x000002046b4af910 sp=0x00000061f71fe670
Event: 198.197 Thread 0x000002047e9c2c80 DEOPT UNPACKING pc=0x00000204638d239d sp=0x00000061f71fe5e8 mode 2
Event: 198.803 Thread 0x000002047e9c2c80 Uncommon trap: trap_request=0xffffff45 fr.pc=0x000002046b45090c relative=0x00000000000004cc
Event: 198.803 Thread 0x000002047e9c2c80 Uncommon trap: reason=unstable_if action=reinterpret pc=0x000002046b45090c method=com.sun.javafx.tk.quantum.QuantumToolkit.postPulse()V @ 98 c2
Event: 198.803 Thread 0x000002047e9c2c80 DEOPT PACKING pc=0x000002046b45090c sp=0x00000061f71fefa0
Event: 198.803 Thread 0x000002047e9c2c80 DEOPT UNPACKING pc=0x00000204638d239d sp=0x00000061f71fef80 mode 2
Event: 214.909 Thread 0x000002047ea13ba0 Uncommon trap: trap_request=0xffffff45 fr.pc=0x000002046b46ae04 relative=0x0000000000000244
Event: 214.909 Thread 0x000002047ea13ba0 Uncommon trap: reason=unstable_if action=reinterpret pc=0x000002046b46ae04 method=java.util.regex.Matcher.reset()Ljava/util/regex/Matcher; @ 71 c2
Event: 214.909 Thread 0x000002047ea13ba0 DEOPT PACKING pc=0x000002046b46ae04 sp=0x00000061f74fab00
Event: 214.909 Thread 0x000002047ea13ba0 DEOPT UNPACKING pc=0x00000204638d239d sp=0x00000061f74faa88 mode 2
Event: 215.039 Thread 0x000002047ea13ba0 Uncommon trap: trap_request=0xffffff45 fr.pc=0x000002046b4951ac relative=0x00000000000007ac
Event: 215.039 Thread 0x000002047ea13ba0 Uncommon trap: reason=unstable_if action=reinterpret pc=0x000002046b4951ac method=javafx.scene.Parent.getOrderedChildren()Ljava/util/List; @ 7 c2
Event: 215.039 Thread 0x000002047ea13ba0 DEOPT PACKING pc=0x000002046b4951ac sp=0x00000061f74f96f0
Event: 215.039 Thread 0x000002047ea13ba0 DEOPT UNPACKING pc=0x00000204638d239d sp=0x00000061f74f9530 mode 2

Classes loaded (20 events):
Event: 173.480 Loading class java/time/chrono/Era done
Event: 173.480 Loading class java/time/chrono/IsoEra done
Event: 173.501 Loading class java/time/Instant$1
Event: 173.501 Loading class java/time/Instant$1 done
Event: 173.648 Loading class java/util/TimerTask
Event: 173.649 Loading class java/util/TimerTask done
Event: 173.651 Loading class java/util/concurrent/atomic/AtomicIntegerFieldUpdater
Event: 173.651 Loading class java/util/concurrent/atomic/AtomicIntegerFieldUpdater done
Event: 173.652 Loading class java/util/concurrent/atomic/AtomicIntegerFieldUpdater$AtomicIntegerFieldUpdaterImpl
Event: 173.652 Loading class java/util/concurrent/atomic/AtomicIntegerFieldUpdater$AtomicIntegerFieldUpdaterImpl done
Event: 173.652 Loading class java/util/concurrent/atomic/AtomicIntegerFieldUpdater$AtomicIntegerFieldUpdaterImpl$1
Event: 173.652 Loading class java/util/concurrent/atomic/AtomicIntegerFieldUpdater$AtomicIntegerFieldUpdaterImpl$1 done
Event: 173.732 Loading class java/net/UnknownHostException
Event: 173.732 Loading class java/net/UnknownHostException done
Event: 173.733 Loading class java/math/BigDecimal
Event: 173.746 Loading class java/math/BigDecimal done
Event: 196.275 Loading class java/text/StringCharacterIterator
Event: 196.294 Loading class java/text/StringCharacterIterator done
Event: 224.611 Loading class jdk/internal/misc/Signal$1
Event: 224.611 Loading class jdk/internal/misc/Signal$1 done

Classes unloaded (0 events):
No events

Classes redefined (0 events):
No events

Internal exceptions (20 events):
Event: 13.805 Thread 0x000002047ea13ba0 Exception <a 'java/lang/NoSuchMethodError'{0x0000000711e1ebc0}: 'java.lang.Object java.lang.invoke.DirectMethodHandle$Holder.newInvokeSpecial(java.lang.Object, java.lang.Object, long)'> (0x0000000711e1ebc0) 
thrown [s\open\src\hotspot\share\interpreter\linkResolver.cpp, line 759]
Event: 13.805 Thread 0x000002047ea13ba0 Exception <a 'java/lang/NoSuchMethodError'{0x0000000711e22738}: 'java.lang.Object java.lang.invoke.Invokers$Holder.linkToTargetMethod(java.lang.Object, long, java.lang.Object)'> (0x0000000711e22738) 
thrown [s\open\src\hotspot\share\interpreter\linkResolver.cpp, line 759]
Event: 21.490 Thread 0x000002047ea13ba0 Exception <a 'java/io/FileNotFoundException'{0x0000000711a993c0}> (0x0000000711a993c0) 
thrown [s\open\src\hotspot\share\prims\jni.cpp, line 516]
Event: 40.139 Thread 0x000002047ea13ba0 Exception <a 'java/lang/NoSuchMethodError'{0x00000007112b8318}: method resolution failed> (0x00000007112b8318) 
thrown [s\open\src\hotspot\share\prims\methodHandles.cpp, line 1264]
Event: 40.147 Thread 0x000002047ea13ba0 Exception <a 'java/lang/NoSuchMethodError'{0x00000007112be3f8}: 'java.lang.Object java.lang.invoke.DirectMethodHandle$Holder.invokeStatic(java.lang.Object, java.lang.Object, int)'> (0x00000007112be3f8) 
thrown [s\open\src\hotspot\share\interpreter\linkResolver.cpp, line 759]
Event: 40.148 Thread 0x000002047ea13ba0 Exception <a 'java/lang/NoSuchMethodError'{0x00000007112c2b50}: 'void java.lang.invoke.DirectMethodHandle$Holder.invokeStatic(java.lang.Object, java.lang.Object, int, java.lang.Object)'> (0x00000007112c2b50) 
thrown [s\open\src\hotspot\share\interpreter\linkResolver.cpp, line 759]
Event: 40.149 Thread 0x000002047ea13ba0 Exception <a 'java/lang/NoSuchMethodError'{0x00000007112ca350}: 'void java.lang.invoke.DelegatingMethodHandle$Holder.delegate(java.lang.Object, java.lang.Object, int, java.lang.Object)'> (0x00000007112ca350) 
thrown [s\open\src\hotspot\share\interpreter\linkResolver.cpp, line 759]
Event: 40.297 Thread 0x000002047ea13ba0 Exception <a 'java/lang/NoSuchMethodError'{0x00000007112f84a8}: 'java.lang.Object java.lang.invoke.DirectMethodHandle$Holder.invokeVirtual(java.lang.Object, java.lang.Object, java.lang.Object, java.lang.Object)'> (0x00000007112f84a8) 
thrown [s\open\src\hotspot\share\interpreter\linkResolver.cpp, line 759]
Event: 40.344 Thread 0x000002047ea13ba0 Exception <a 'java/lang/NoSuchMethodError'{0x000000071134ade0}: 'int java.lang.invoke.DirectMethodHandle$Holder.invokeStaticInit(java.lang.Object, java.lang.Object, java.lang.Object, java.lang.Object)'> (0x000000071134ade0) 
thrown [s\open\src\hotspot\share\interpreter\linkResolver.cpp, line 759]
Event: 40.345 Thread 0x000002047ea13ba0 Exception <a 'java/lang/NoSuchMethodError'{0x0000000711354918}: 'java.lang.Object java.lang.invoke.DirectMethodHandle$Holder.invokeInterface(java.lang.Object, java.lang.Object)'> (0x0000000711354918) 
thrown [s\open\src\hotspot\share\interpreter\linkResolver.cpp, line 759]
Event: 40.346 Thread 0x000002047ea13ba0 Exception <a 'java/lang/IncompatibleClassChangeError'{0x0000000711358658}: Found class java.lang.Object, but interface was expected> (0x0000000711358658) 
thrown [s\open\src\hotspot\share\interpreter\linkResolver.cpp, line 826]
Event: 40.432 Thread 0x000002047ea13ba0 Exception <a 'java/net/NoRouteToHostException'{0x00000007113e92c8}: No route to host: no further information> (0x00000007113e92c8) 
thrown [s\open\src\hotspot\share\prims\jni.cpp, line 535]
Event: 40.433 Thread 0x000002047ea13ba0 Exception <a 'java/net/SocketException'{0x00000007113eae90}: Socket is not connected: shutdown> (0x00000007113eae90) 
thrown [s\open\src\hotspot\share\prims\jni.cpp, line 535]
Event: 40.570 Thread 0x000002047ea13ba0 Exception <a 'java/lang/NullPointerException'{0x0000000712a5f4d0}> (0x0000000712a5f4d0) 
thrown [s\open\src\hotspot\share\interpreter\linkResolver.cpp, line 1433]
Event: 171.316 Thread 0x000002047ea13ba0 Exception <a 'sun/nio/fs/WindowsException'{0x000000071295f5e8}> (0x000000071295f5e8) 
thrown [s\open\src\hotspot\share\prims\jni.cpp, line 516]
Event: 171.758 Thread 0x000002047ea13ba0 Exception <a 'java/lang/NoSuchMethodError'{0x00000007126ae858}: 'java.lang.Object java.lang.invoke.DirectMethodHandle$Holder.invokeStaticInit(java.lang.Object, int, int, int, int)'> (0x00000007126ae858) 
thrown [s\open\src\hotspot\share\interpreter\linkResolver.cpp, line 759]
Event: 171.859 Thread 0x000002047ea13ba0 Exception <a 'java/lang/NoSuchMethodError'{0x0000000712741c00}: 'java.lang.Object java.lang.invoke.DirectMethodHandle$Holder.invokeStaticInit(java.lang.Object, java.lang.Object, int, int, int, int)'> (0x0000000712741c00) 
thrown [s\open\src\hotspot\share\interpreter\linkResolver.cpp, line 759]
Event: 173.059 Thread 0x000002047ea13ba0 Implicit null exception at 0x000002046b46ccb6 to 0x000002046b46d408
Event: 174.844 Thread 0x000002047ea13ba0 Exception <a 'java/lang/NoSuchMethodError'{0x0000000705cc7490}: 'java.lang.Object java.lang.invoke.DirectMethodHandle$Holder.newInvokeSpecial(java.lang.Object, java.lang.Object, java.lang.Object, double, double, double, double, int, int, int, int, int, int, int, int, int)'> (0x0000000705cc7490) 
thrown [s\open\src\hotspot\share\interpreter\linkResolver.cpp, line 759]
Event: 214.935 Thread 0x000002047ea13ba0 Exception <a 'java/io/FileNotFoundException'{0x00000007059348c0}> (0x00000007059348c0) 
thrown [s\open\src\hotspot\share\prims\jni.cpp, line 516]

VM Operations (20 events):
Event: 194.448 Executing VM operation: Cleanup done
Event: 195.449 Executing VM operation: Cleanup
Event: 195.449 Executing VM operation: Cleanup done
Event: 196.449 Executing VM operation: Cleanup
Event: 196.449 Executing VM operation: Cleanup done
Event: 198.450 Executing VM operation: Cleanup
Event: 198.450 Executing VM operation: Cleanup done
Event: 199.450 Executing VM operation: Cleanup
Event: 199.450 Executing VM operation: Cleanup done
Event: 201.520 Executing VM operation: Cleanup
Event: 201.593 Executing VM operation: Cleanup done
Event: 202.610 Executing VM operation: Cleanup
Event: 202.610 Executing VM operation: Cleanup done
Event: 214.658 Executing VM operation: Cleanup
Event: 214.658 Executing VM operation: Cleanup done
Event: 215.659 Executing VM operation: Cleanup
Event: 215.659 Executing VM operation: Cleanup done
Event: 216.659 Executing VM operation: Cleanup
Event: 216.659 Executing VM operation: Cleanup done
Event: 224.641 Executing VM operation: Exit

Events (20 events):
Event: 1.249 Thread 0x000002047e9c2c80 Thread added: 0x000002047e9c2c80
Event: 1.265 Loaded shared library C:\Users\ACER\Documents\JAVAliberes\javafx-sdk-19\bin\prism_d3d.dll
Event: 1.364 Loaded shared library C:\Users\ACER\Documents\JAVAliberes\javafx-sdk-19\bin\glass.dll
Event: 1.367 Thread 0x000002047ea136e0 Thread added: 0x000002047ea136e0
Event: 1.374 Thread 0x000002047ea13ba0 Thread added: 0x000002047ea13ba0
Event: 2.716 Loaded shared library C:\Users\ACER\.jdks\openjdk-18.0.2.1\bin\jimage.dll
Event: 2.763 Thread 0x000002047ec282b0 Thread added: 0x000002047ec282b0
Event: 2.881 Thread 0x000002047e5ff340 Thread added: 0x000002047e5ff340
Event: 5.935 Loaded shared library C:\Users\ACER\Documents\JAVAliberes\javafx-sdk-19\bin\javafx_font.dll
Event: 13.199 Loaded shared library C:\Users\ACER\Documents\JAVAliberes\javafx-sdk-19\bin\javafx_iio.dll
Event: 13.350 Thread 0x000002047ee63260 Thread added: 0x000002047ee63260
Event: 13.920 Thread 0x000002047ee645a0 Thread added: 0x000002047ee645a0
Event: 170.895 Loaded shared library C:\Users\ACER\.jdks\openjdk-18.0.2.1\bin\management.dll
Event: 170.898 Loaded shared library C:\Users\ACER\.jdks\openjdk-18.0.2.1\bin\management_ext.dll
Event: 172.126 Loaded shared library C:\Users\ACER\.jdks\openjdk-18.0.2.1\bin\sunmscapi.dll
Event: 224.612 Thread 0x000002047ee623f0 Thread added: 0x000002047ee623f0
Event: 224.612 Thread 0x000002047ee628c0 Thread added: 0x000002047ee628c0
Event: 224.612 Thread 0x000002047ee64a70 Thread added: 0x000002047ee64a70
Event: 224.618 Thread 0x000002047ee64a70 Thread exited: 0x000002047ee64a70
Event: 224.641 Thread 0x000002047e0417f0 Thread exited: 0x000002047e0417f0


Dynamic libraries:
0x00007ff72b7d0000 - 0x00007ff72b7de000 	C:\Users\ACER\.jdks\openjdk-18.0.2.1\bin\java.exe
0x00007ffebf3d0000 - 0x00007ffebf5c8000 	C:\Windows\SYSTEM32\ntdll.dll
0x00007ffebd890000 - 0x00007ffebd94f000 	C:\Windows\System32\KERNEL32.DLL
0x00007ffebd040000 - 0x00007ffebd312000 	C:\Windows\System32\KERNELBASE.dll
0x00007ffebd320000 - 0x00007ffebd420000 	C:\Windows\System32\ucrtbase.dll
0x00007ffeb8490000 - 0x00007ffeb84a7000 	C:\Users\ACER\.jdks\openjdk-18.0.2.1\bin\jli.dll
0x00007ffebe230000 - 0x00007ffebe3cd000 	C:\Windows\System32\USER32.dll
0x00007ffebcad0000 - 0x00007ffebcaf2000 	C:\Windows\System32\win32u.dll
0x00007ffebec70000 - 0x00007ffebec9b000 	C:\Windows\System32\GDI32.dll
0x00007ffebce40000 - 0x00007ffebcf4f000 	C:\Windows\System32\gdi32full.dll
0x00007ffebcf50000 - 0x00007ffebcfed000 	C:\Windows\System32\msvcp_win.dll
0x00007ffeb8470000 - 0x00007ffeb848a000 	C:\Users\ACER\.jdks\openjdk-18.0.2.1\bin\VCRUNTIME140.dll
0x00007ffeaa840000 - 0x00007ffeaaada000 	C:\Windows\WinSxS\amd64_microsoft.windows.common-controls_6595b64144ccf1df_6.0.19041.1110_none_60b5254171f9507e\COMCTL32.dll
0x00007ffebf2d0000 - 0x00007ffebf36e000 	C:\Windows\System32\msvcrt.dll
0x00007ffebd420000 - 0x00007ffebd452000 	C:\Windows\System32\IMM32.DLL
0x00007ffeb8ea0000 - 0x00007ffeb8eac000 	C:\Users\ACER\.jdks\openjdk-18.0.2.1\bin\vcruntime140_1.dll
0x00007ffeb0100000 - 0x00007ffeb018d000 	C:\Users\ACER\.jdks\openjdk-18.0.2.1\bin\msvcp140.dll
0x00007ffe74210000 - 0x00007ffe74e21000 	C:\Users\ACER\.jdks\openjdk-18.0.2.1\bin\server\jvm.dll
0x00007ffebd7e0000 - 0x00007ffebd88e000 	C:\Windows\System32\ADVAPI32.dll
0x00007ffebf220000 - 0x00007ffebf2bc000 	C:\Windows\System32\sechost.dll
0x00007ffebe0a0000 - 0x00007ffebe1c5000 	C:\Windows\System32\RPCRT4.dll
0x00007ffebf1a0000 - 0x00007ffebf1a8000 	C:\Windows\System32\PSAPI.DLL
0x00007ffeb0ed0000 - 0x00007ffeb0ed9000 	C:\Windows\SYSTEM32\WSOCK32.dll
0x00007ffebec00000 - 0x00007ffebec6b000 	C:\Windows\System32\WS2_32.dll
0x00007ffeacf40000 - 0x00007ffeacf67000 	C:\Windows\SYSTEM32\WINMM.dll
0x00007ffeb0420000 - 0x00007ffeb042a000 	C:\Windows\SYSTEM32\VERSION.dll
0x00007ffeba990000 - 0x00007ffeba9a2000 	C:\Windows\SYSTEM32\kernel.appcore.dll
0x00007ffeb8460000 - 0x00007ffeb846a000 	C:\Users\ACER\.jdks\openjdk-18.0.2.1\bin\jimage.dll
0x00007ffead0b0000 - 0x00007ffead294000 	C:\Windows\SYSTEM32\DBGHELP.DLL
0x00007ffeacdf0000 - 0x00007ffeace1c000 	C:\Windows\SYSTEM32\dbgcore.DLL
0x00007ffebcd00000 - 0x00007ffebcd82000 	C:\Windows\System32\bcryptPrimitives.dll
0x00007ffeb8450000 - 0x00007ffeb845e000 	C:\Users\ACER\.jdks\openjdk-18.0.2.1\bin\instrument.dll
0x00007ffeb75b0000 - 0x00007ffeb75d5000 	C:\Users\ACER\.jdks\openjdk-18.0.2.1\bin\java.dll
0x00007ffeaf370000 - 0x00007ffeaf446000 	C:\Users\ACER\.jdks\openjdk-18.0.2.1\bin\jsvml.dll
0x00007ffebd950000 - 0x00007ffebe093000 	C:\Windows\System32\SHELL32.dll
0x00007ffebab90000 - 0x00007ffebb322000 	C:\Windows\SYSTEM32\windows.storage.dll
0x00007ffebedb0000 - 0x00007ffebf104000 	C:\Windows\System32\combase.dll
0x00007ffebc450000 - 0x00007ffebc480000 	C:\Windows\SYSTEM32\Wldp.dll
0x00007ffebeca0000 - 0x00007ffebed4d000 	C:\Windows\System32\SHCORE.dll
0x00007ffebf1c0000 - 0x00007ffebf215000 	C:\Windows\System32\shlwapi.dll
0x00007ffebca10000 - 0x00007ffebca2f000 	C:\Windows\SYSTEM32\profapi.dll
0x00007ffeb6630000 - 0x00007ffeb6643000 	C:\Users\ACER\.jdks\openjdk-18.0.2.1\bin\net.dll
0x00007ffeb1d40000 - 0x00007ffeb1e4c000 	C:\Windows\SYSTEM32\WINHTTP.dll
0x00007ffebc1b0000 - 0x00007ffebc21a000 	C:\Windows\system32\mswsock.dll
0x00007ffeb6610000 - 0x00007ffeb6626000 	C:\Users\ACER\.jdks\openjdk-18.0.2.1\bin\nio.dll
0x00007ffeb5970000 - 0x00007ffeb5988000 	C:\Users\ACER\.jdks\openjdk-18.0.2.1\bin\zip.dll
0x00007ffeb5610000 - 0x00007ffeb562a000 	C:\Program Files\JetBrains\IntelliJ IDEA 2021.3\bin\breakgen64.dll
0x0000020404000000 - 0x0000020404003000 	C:\Users\ACER\Documents\JAVAliberes\javafx-sdk-19\bin\api-ms-win-core-console-l1-1-0.dll
0x0000020404010000 - 0x0000020404013000 	C:\Users\ACER\Documents\JAVAliberes\javafx-sdk-19\bin\api-ms-win-core-console-l1-2-0.dll
0x0000020404020000 - 0x0000020404023000 	C:\Users\ACER\Documents\JAVAliberes\javafx-sdk-19\bin\api-ms-win-core-datetime-l1-1-0.dll
0x0000020404030000 - 0x0000020404033000 	C:\Users\ACER\Documents\JAVAliberes\javafx-sdk-19\bin\api-ms-win-core-debug-l1-1-0.dll
0x0000020404040000 - 0x0000020404043000 	C:\Users\ACER\Documents\JAVAliberes\javafx-sdk-19\bin\api-ms-win-core-errorhandling-l1-1-0.dll
0x0000020404050000 - 0x0000020404054000 	C:\Users\ACER\Documents\JAVAliberes\javafx-sdk-19\bin\api-ms-win-core-file-l1-1-0.dll
0x0000020404060000 - 0x0000020404063000 	C:\Users\ACER\Documents\JAVAliberes\javafx-sdk-19\bin\api-ms-win-core-file-l1-2-0.dll
0x0000020404070000 - 0x0000020404073000 	C:\Users\ACER\Documents\JAVAliberes\javafx-sdk-19\bin\api-ms-win-core-file-l2-1-0.dll
0x0000020404080000 - 0x0000020404083000 	C:\Users\ACER\Documents\JAVAliberes\javafx-sdk-19\bin\api-ms-win-core-handle-l1-1-0.dll
0x0000020404090000 - 0x0000020404093000 	C:\Users\ACER\Documents\JAVAliberes\javafx-sdk-19\bin\api-ms-win-core-heap-l1-1-0.dll
0x00000204040a0000 - 0x00000204040a3000 	C:\Users\ACER\Documents\JAVAliberes\javafx-sdk-19\bin\api-ms-win-core-interlocked-l1-1-0.dll
0x00000204040b0000 - 0x00000204040b3000 	C:\Users\ACER\Documents\JAVAliberes\javafx-sdk-19\bin\api-ms-win-core-libraryloader-l1-1-0.dll
0x00000204040c0000 - 0x00000204040c3000 	C:\Users\ACER\Documents\JAVAliberes\javafx-sdk-19\bin\api-ms-win-core-localization-l1-2-0.dll
0x00000204040d0000 - 0x00000204040d3000 	C:\Users\ACER\Documents\JAVAliberes\javafx-sdk-19\bin\api-ms-win-core-memory-l1-1-0.dll
0x00000204040e0000 - 0x00000204040e3000 	C:\Users\ACER\Documents\JAVAliberes\javafx-sdk-19\bin\api-ms-win-core-namedpipe-l1-1-0.dll
0x00000204040f0000 - 0x00000204040f3000 	C:\Users\ACER\Documents\JAVAliberes\javafx-sdk-19\bin\api-ms-win-core-processenvironment-l1-1-0.dll
0x0000020404100000 - 0x0000020404103000 	C:\Users\ACER\Documents\JAVAliberes\javafx-sdk-19\bin\api-ms-win-core-processthreads-l1-1-0.dll
0x0000020404110000 - 0x0000020404113000 	C:\Users\ACER\Documents\JAVAliberes\javafx-sdk-19\bin\api-ms-win-core-processthreads-l1-1-1.dll
0x0000020404120000 - 0x0000020404123000 	C:\Users\ACER\Documents\JAVAliberes\javafx-sdk-19\bin\api-ms-win-core-profile-l1-1-0.dll
0x0000020404130000 - 0x0000020404133000 	C:\Users\ACER\Documents\JAVAliberes\javafx-sdk-19\bin\api-ms-win-core-rtlsupport-l1-1-0.dll
0x0000020404140000 - 0x0000020404143000 	C:\Users\ACER\Documents\JAVAliberes\javafx-sdk-19\bin\api-ms-win-core-string-l1-1-0.dll
0x0000020404150000 - 0x0000020404153000 	C:\Users\ACER\Documents\JAVAliberes\javafx-sdk-19\bin\api-ms-win-core-synch-l1-1-0.dll
0x0000020404160000 - 0x0000020404163000 	C:\Users\ACER\Documents\JAVAliberes\javafx-sdk-19\bin\api-ms-win-core-synch-l1-2-0.dll
0x0000020404170000 - 0x0000020404173000 	C:\Users\ACER\Documents\JAVAliberes\javafx-sdk-19\bin\api-ms-win-core-sysinfo-l1-1-0.dll
0x0000020404180000 - 0x0000020404183000 	C:\Users\ACER\Documents\JAVAliberes\javafx-sdk-19\bin\api-ms-win-core-timezone-l1-1-0.dll
0x0000020404190000 - 0x0000020404193000 	C:\Users\ACER\Documents\JAVAliberes\javafx-sdk-19\bin\api-ms-win-core-util-l1-1-0.dll
0x00000204041a0000 - 0x00000204041a3000 	C:\Users\ACER\Documents\JAVAliberes\javafx-sdk-19\bin\api-ms-win-crt-conio-l1-1-0.dll
0x00000204041b0000 - 0x00000204041b4000 	C:\Users\ACER\Documents\JAVAliberes\javafx-sdk-19\bin\api-ms-win-crt-convert-l1-1-0.dll
0x00000204041c0000 - 0x00000204041c3000 	C:\Users\ACER\Documents\JAVAliberes\javafx-sdk-19\bin\api-ms-win-crt-environment-l1-1-0.dll
0x00000204041d0000 - 0x00000204041d3000 	C:\Users\ACER\Documents\JAVAliberes\javafx-sdk-19\bin\api-ms-win-crt-filesystem-l1-1-0.dll
0x00000204041e0000 - 0x00000204041e3000 	C:\Users\ACER\Documents\JAVAliberes\javafx-sdk-19\bin\api-ms-win-crt-heap-l1-1-0.dll
0x00000204041f0000 - 0x00000204041f3000 	C:\Users\ACER\Documents\JAVAliberes\javafx-sdk-19\bin\api-ms-win-crt-locale-l1-1-0.dll
0x0000020404200000 - 0x0000020404205000 	C:\Users\ACER\Documents\JAVAliberes\javafx-sdk-19\bin\api-ms-win-crt-math-l1-1-0.dll
0x0000020404210000 - 0x0000020404215000 	C:\Users\ACER\Documents\JAVAliberes\javafx-sdk-19\bin\api-ms-win-crt-multibyte-l1-1-0.dll
0x0000020404220000 - 0x0000020404230000 	C:\Users\ACER\Documents\JAVAliberes\javafx-sdk-19\bin\api-ms-win-crt-private-l1-1-0.dll
0x0000020404230000 - 0x0000020404233000 	C:\Users\ACER\Documents\JAVAliberes\javafx-sdk-19\bin\api-ms-win-crt-process-l1-1-0.dll
0x0000020404240000 - 0x0000020404244000 	C:\Users\ACER\Documents\JAVAliberes\javafx-sdk-19\bin\api-ms-win-crt-runtime-l1-1-0.dll
0x0000020404250000 - 0x0000020404254000 	C:\Users\ACER\Documents\JAVAliberes\javafx-sdk-19\bin\api-ms-win-crt-stdio-l1-1-0.dll
0x0000020404260000 - 0x0000020404264000 	C:\Users\ACER\Documents\JAVAliberes\javafx-sdk-19\bin\api-ms-win-crt-string-l1-1-0.dll
0x0000020404270000 - 0x0000020404273000 	C:\Users\ACER\Documents\JAVAliberes\javafx-sdk-19\bin\api-ms-win-crt-time-l1-1-0.dll
0x0000020404280000 - 0x0000020404283000 	C:\Users\ACER\Documents\JAVAliberes\javafx-sdk-19\bin\api-ms-win-crt-utility-l1-1-0.dll
0x00007ffeadb60000 - 0x00007ffeadc5c000 	C:\Users\ACER\Documents\JAVAliberes\javafx-sdk-19\bin\ucrtbase.dll
0x00007ffeb01f0000 - 0x00007ffeb020b000 	C:\Users\ACER\Documents\JAVAliberes\javafx-sdk-19\bin\vcruntime140.dll
0x00007ffeb5950000 - 0x00007ffeb595c000 	C:\Users\ACER\Documents\JAVAliberes\javafx-sdk-19\bin\vcruntime140_1.dll
0x00007ffeadad0000 - 0x00007ffeadb5e000 	C:\Users\ACER\Documents\JAVAliberes\javafx-sdk-19\bin\msvcp140.dll
0x00007ffeb01e0000 - 0x00007ffeb01e9000 	C:\Users\ACER\Documents\JAVAliberes\javafx-sdk-19\bin\msvcp140_1.dll
0x00007ffeb01b0000 - 0x00007ffeb01e0000 	C:\Users\ACER\Documents\JAVAliberes\javafx-sdk-19\bin\msvcp140_2.dll
0x00007ffeaf290000 - 0x00007ffeaf2bc000 	C:\Users\ACER\Documents\JAVAliberes\javafx-sdk-19\bin\prism_d3d.dll
0x00007ffead900000 - 0x00007ffeadacf000 	C:\Windows\system32\d3d9.dll
0x00007ffeba5a0000 - 0x00007ffeba5cf000 	C:\Windows\SYSTEM32\dwmapi.dll
0x00007ffeba4c0000 - 0x00007ffeba55e000 	C:\Windows\system32\uxtheme.dll
0x00007ffead8b0000 - 0x00007ffead8f2000 	C:\Users\ACER\Documents\JAVAliberes\javafx-sdk-19\bin\glass.dll
0x00007ffebd580000 - 0x00007ffebd65a000 	C:\Windows\System32\COMDLG32.dll
0x00007ffebea50000 - 0x00007ffebeb7a000 	C:\Windows\System32\ole32.dll
0x00007ffebd710000 - 0x00007ffebd7dd000 	C:\Windows\System32\OLEAUT32.dll
0x00007ffebd460000 - 0x00007ffebd575000 	C:\Windows\System32\MSCTF.dll
0x00007ffeade30000 - 0x00007ffeade44000 	C:\Users\ACER\Documents\JAVAliberes\javafx-sdk-19\bin\javafx_font.dll
0x00007ffeaed70000 - 0x00007ffeaefef000 	C:\Windows\SYSTEM32\dwrite.dll
0x00007ffebd660000 - 0x00007ffebd70f000 	C:\Windows\System32\clbcatq.dll
0x00007ffeb7ec0000 - 0x00007ffeb8074000 	C:\Windows\SYSTEM32\WindowsCodecs.dll
0x00007ffebcb00000 - 0x00007ffebcb27000 	C:\Windows\System32\bcrypt.dll
0x00007ffea5d00000 - 0x00007ffea5d3e000 	C:\Windows\system32\dataexchange.dll
0x00007ffeb95d0000 - 0x00007ffeb9833000 	C:\Windows\system32\d3d11.dll
0x00007ffeb8f80000 - 0x00007ffeb9163000 	C:\Windows\system32\dcomp.dll
0x00007ffebb390000 - 0x00007ffebb483000 	C:\Windows\system32\dxgi.dll
0x00007ffeb7c10000 - 0x00007ffeb7e10000 	C:\Windows\system32\twinapi.appcore.dll
0x00007ffeac260000 - 0x00007ffeac294000 	C:\Program Files\Common Files\Microsoft Shared\Ink\rtscom.dll
0x00007ffeafbd0000 - 0x00007ffeafcc9000 	C:\Windows\SYSTEM32\textinputframework.dll
0x00007ffeb9d20000 - 0x00007ffeba07e000 	C:\Windows\System32\CoreUIComponents.dll
0x00007ffeba080000 - 0x00007ffeba172000 	C:\Windows\System32\CoreMessaging.dll
0x00007ffebbbf0000 - 0x00007ffebbc23000 	C:\Windows\SYSTEM32\ntmarta.dll
0x00007ffeb9840000 - 0x00007ffeb9994000 	C:\Windows\SYSTEM32\wintypes.dll
0x00007ffeac230000 - 0x00007ffeac25d000 	C:\Users\ACER\Documents\JAVAliberes\javafx-sdk-19\bin\javafx_iio.dll
0x00007ffe970a0000 - 0x00007ffe970c4000 	C:\Windows\SYSTEM32\edputil.dll
0x00007ffeb01a0000 - 0x00007ffeb01a9000 	C:\Users\ACER\.jdks\openjdk-18.0.2.1\bin\management.dll
0x00007ffeb00f0000 - 0x00007ffeb00fb000 	C:\Users\ACER\.jdks\openjdk-18.0.2.1\bin\management_ext.dll
0x00007ffebc3a0000 - 0x00007ffebc3b8000 	C:\Windows\SYSTEM32\CRYPTSP.dll
0x00007ffebbad0000 - 0x00007ffebbb04000 	C:\Windows\system32\rsaenh.dll
0x00007ffebc990000 - 0x00007ffebc9be000 	C:\Windows\SYSTEM32\USERENV.dll
0x00007ffebc3c0000 - 0x00007ffebc3cc000 	C:\Windows\SYSTEM32\CRYPTBASE.dll
0x00007ffebbea0000 - 0x00007ffebbedb000 	C:\Windows\SYSTEM32\IPHLPAPI.DLL

dbghelp: loaded successfully - version: 4.0.5 - missing functions: none
symbol engine: initialized successfully - sym options: 0x614 - pdb path: .;C:\Users\ACER\.jdks\openjdk-18.0.2.1\bin;C:\Windows\SYSTEM32;C:\Windows\WinSxS\amd64_microsoft.windows.common-controls_6595b64144ccf1df_6.0.19041.1110_none_60b5254171f9507e;C:\Users\ACER\.jdks\openjdk-18.0.2.1\bin\server;C:\Program Files\JetBrains\IntelliJ IDEA 2021.3\bin;C:\Users\ACER\Documents\JAVAliberes\javafx-sdk-19\bin;C:\Program Files\Common Files\Microsoft Shared\Ink

VM Arguments:
jvm_args: --module-path=C:\Users\ACER\Documents\JAVAliberes\javafx-sdk-19\lib --add-modules=javafx.controls,javafx.fxml -javaagent:C:\Program Files\JetBrains\IntelliJ IDEA 2021.3\lib\idea_rt.jar=54203:C:\Program Files\JetBrains\IntelliJ IDEA 2021.3\bin -Dfile.encoding=windows-1251 
java_command: com.company.Main
java_class_path (initial): C:\Users\ACER\IdeaProjects\DataBase\out\production\DataBase;C:\Users\ACER\Downloads\postgresql-42.5.0.jar;C:\Users\ACER\Documents\JAVAliberes\activation-1.1.1.jar;C:\Users\ACER\Documents\JAVAliberes\javax.mail.jar;C:\Users\ACER\Documents\JAVAliberes\javafx-sdk-19\lib\javafx-swt.jar;C:\Users\ACER\Documents\JAVAliberes\javafx-sdk-19\lib\javafx.web.jar;C:\Users\ACER\Documents\JAVAliberes\javafx-sdk-19\lib\javafx.base.jar;C:\Users\ACER\Documents\JAVAliberes\javafx-sdk-19\lib\javafx.fxml.jar;C:\Users\ACER\Documents\JAVAliberes\javafx-sdk-19\lib\javafx.media.jar;C:\Users\ACER\Documents\JAVAliberes\javafx-sdk-19\lib\javafx.swing.jar;C:\Users\ACER\Documents\JAVAliberes\javafx-sdk-19\lib\javafx.controls.jar;C:\Users\ACER\Documents\JAVAliberes\javafx-sdk-19\lib\javafx.graphics.jar
Launcher Type: SUN_STANDARD

[Global flags]
     intx CICompilerCount                          = 2                                         {product} {ergonomic}
     uint ConcGCThreads                            = 1                                         {product} {ergonomic}
     uint G1ConcRefinementThreads                  = 2                                         {product} {ergonomic}
   size_t G1HeapRegionSize                         = 2097152                                   {product} {ergonomic}
    uintx GCDrainStackTargetSize                   = 64                                        {product} {ergonomic}
   size_t InitialHeapSize                          = 266338304                                 {product} {ergonomic}
   size_t MarkStackSize                            = 4194304                                   {product} {ergonomic}
   size_t MaxHeapSize                              = 4246732800                                {product} {ergonomic}
   size_t MaxNewSize                               = 2548039680                                {product} {ergonomic}
   size_t MinHeapDeltaBytes                        = 2097152                                   {product} {ergonomic}
   size_t MinHeapSize                              = 8388608                                   {product} {ergonomic}
    uintx NonNMethodCodeHeapSize                   = 5826188                                {pd product} {ergonomic}
    uintx NonProfiledCodeHeapSize                  = 122916026                              {pd product} {ergonomic}
    uintx ProfiledCodeHeapSize                     = 122916026                              {pd product} {ergonomic}
    uintx ReservedCodeCacheSize                    = 251658240                              {pd product} {ergonomic}
     bool SegmentedCodeCache                       = true                                      {product} {ergonomic}
   size_t SoftMaxHeapSize                          = 4246732800                             {manageable} {ergonomic}
     bool UseCompressedClassPointers               = true                           {product lp64_product} {ergonomic}
     bool UseCompressedOops                        = true                           {product lp64_product} {ergonomic}
     bool UseG1GC                                  = true                                      {product} {ergonomic}
     bool UseLargePagesIndividualAllocation        = false                                  {pd product} {ergonomic}

Logging:
Log output configuration:
 #0: stdout all=off uptime,level,tags foldmultilines=false
 #1: stderr all=off uptime,level,tags foldmultilines=false

Environment Variables:
PATH=C:\Windows\system32;C:\Windows;C:\Windows\System32\Wbem;C:\Windows\System32\WindowsPowerShell\v1.0\;C:\Windows\System32\OpenSSH\;C:\Program Files\Microsoft SQL Server\150\Tools\Binn\;C:\Program Files\Microsoft SQL Server\Client SDK\ODBC\170\Tools\Binn\;C:\Program Files\dotnet\;C:\Program Files (x86)\Microsoft SQL Server\150\DTS\Binn\;C:\Program Files\Azure Data Studio\bin;C:\Program Files (x86)\Microsoft SQL Server\150\Tools\Binn\;C:\Program Files\Microsoft SQL Server\150\DTS\Binn\;C:\Program Files\nodejs\;C:\Program Files\Git\cmd;C:\Windows\System32;C:\Program Files\Azure Data Studio\bin;C:\Users\ACER\AppData\Local\Programs\Microsoft VS Code\bin;C:\Users\ACER\AppData\Roaming\npm;C:\Program Files\JetBrains\IntelliJ IDEA Community Edition 2022.2.1\bin;;C:\Program Files\JetBrains\IntelliJ IDEA 2021.3\bin;
USERNAME=ACER
OS=Windows_NT
PROCESSOR_IDENTIFIER=Intel64 Family 6 Model 42 Stepping 7, GenuineIntel



---------------  S Y S T E M  ---------------

OS:
 Windows 10 , 64 bit Build 19041 (10.0.19041.2251)
OS uptime: 0 days 16:47 hours

CPU: total 2 (initial active 2) (2 cores per cpu, 1 threads per core) family 6 model 42 stepping 7 microcode 0x2f, cx8, cmov, fxsr, mmx, sse, sse2, sse3, ssse3, sse4.1, sse4.2, popcnt, tsc, tscinvbit, clmul, clflush

Memory: 4k page, system-wide physical 16197M (11327M free)
TotalPageFile size 18629M (AvailPageFile size 12705M)
current process WorkingSet (physical memory assigned to process): 110M, peak: 161M
current process commit charge ("private bytes"): 162M, peak: 416M

vm_info: OpenJDK 64-Bit Server VM (18.0.2.1+1-1) for windows-amd64 JRE (18.0.2.1+1-1), built on Aug 16 2022 01:44:29 by "mach5one" with MS VC++ 16.8 / 16.9 (VS2019)

END.
